2025-06-27 12:53:28,862 - app.core.database - INFO - Conectado ao banco de dados corridas_db
2025-06-27 12:53:28,862 - main - INFO - Conexão com o banco de dados estabelecida
2025-06-27 12:56:27,801 - app.core.database - INFO - Conexão com o banco de dados fechada
2025-06-27 12:56:27,801 - main - INFO - Conexão com o banco de dados fechada
2025-06-27 12:56:29,079 - app.core.database - INFO - Conectado ao banco de dados corridas_db
2025-06-27 12:56:29,080 - main - INFO - Conexão com o banco de dados estabelecida
2025-06-27 12:56:34,904 - app.core.database - INFO - Conectado ao banco de dados corridas_db
2025-06-27 12:56:34,904 - main - INFO - Conexão com o banco de dados estabelecida
2025-06-27 12:56:37,146 - app.core.database - INFO - Conexão com o banco de dados fechada
2025-06-27 12:56:37,156 - main - INFO - Conexão com o banco de dados fechada
2025-06-27 12:56:42,075 - app.core.database - INFO - Conectado ao banco de dados corridas_db
2025-06-27 12:56:42,075 - main - INFO - Conexão com o banco de dados estabelecida
2025-06-27 12:59:57,289 - app.core.database - INFO - Conexão com o banco de dados fechada
2025-06-27 12:59:57,289 - main - INFO - Conexão com o banco de dados fechada
2025-06-27 13:02:54,502 - app.core.database - INFO - Conectado ao banco de dados corridas_db
2025-06-27 18:10:35,018 - app.core.database - INFO - Conectado ao banco de dados corridas_db
2026-01-05 19:10:08,230 - app.core.database - ERROR - Erro ao conectar ao banco de dados: Port contains non-digit characters. Hint: username and password must be escaped according to RFC 3986, use urllib.parse.quote_plus
2026-01-05 19:10:08,231 - app.services.evento_service - ERROR - Erro ao listar eventos: Port contains non-digit characters. Hint: username and password must be escaped according to RFC 3986, use urllib.parse.quote_plus
2026-01-05 19:10:08,231 - app.core.database - ERROR - Erro ao listar eventos: Port contains non-digit characters. Hint: username and password must be escaped according to RFC 3986, use urllib.parse.quote_plus
2026-01-12 20:18:24,878 - app.core.database - INFO - Conectado ao banco de dados correpb
2026-01-12 20:19:37,208 - app.services.evento_service - ERROR - Erro ao listar eventos: 1 validation error for Page
pages
  Field required [type=missing, input_value={'items': [], 'total': 0, 'page': 1, 'size': 50}, input_type=dict]
    For further information visit https://errors.pydantic.dev/2.11/v/missing
2026-01-12 20:19:37,208 - app.core.database - ERROR - Erro ao listar eventos: 1 validation error for Page
pages
  Field required [type=missing, input_value={'items': [], 'total': 0, 'page': 1, 'size': 50}, input_type=dict]
    For further information visit https://errors.pydantic.dev/2.11/v/missing
2026-01-12 20:20:29,524 - app.services.evento_service - ERROR - Erro ao listar eventos: 1 validation error for Page
pages
  Field required [type=missing, input_value={'items': [], 'total': 0, 'page': 1, 'size': 50}, input_type=dict]
    For further information visit https://errors.pydantic.dev/2.11/v/missing
2026-01-12 20:20:29,524 - app.core.database - ERROR - Erro ao listar eventos: 1 validation error for Page
pages
  Field required [type=missing, input_value={'items': [], 'total': 0, 'page': 1, 'size': 50}, input_type=dict]
    For further information visit https://errors.pydantic.dev/2.11/v/missing
2026-01-12 20:20:30,198 - app.services.evento_service - ERROR - Erro ao listar eventos: 1 validation error for Page
pages
  Field required [type=missing, input_value={'items': [], 'total': 0, 'page': 1, 'size': 50}, input_type=dict]
    For further information visit https://errors.pydantic.dev/2.11/v/missing
2026-01-12 20:20:30,199 - app.core.database - ERROR - Erro ao listar eventos: 1 validation error for Page
pages
  Field required [type=missing, input_value={'items': [], 'total': 0, 'page': 1, 'size': 50}, input_type=dict]
    For further information visit https://errors.pydantic.dev/2.11/v/missing
2026-01-12 20:20:30,825 - app.services.evento_service - ERROR - Erro ao listar eventos: 1 validation error for Page
pages
  Field required [type=missing, input_value={'items': [], 'total': 0, 'page': 1, 'size': 50}, input_type=dict]
    For further information visit https://errors.pydantic.dev/2.11/v/missing
2026-01-12 20:20:30,825 - app.core.database - ERROR - Erro ao listar eventos: 1 validation error for Page
pages
  Field required [type=missing, input_value={'items': [], 'total': 0, 'page': 1, 'size': 50}, input_type=dict]
    For further information visit https://errors.pydantic.dev/2.11/v/missing
2026-01-12 20:20:31,259 - app.services.evento_service - ERROR - Erro ao listar eventos: 1 validation error for Page
pages
  Field required [type=missing, input_value={'items': [], 'total': 0, 'page': 1, 'size': 50}, input_type=dict]
    For further information visit https://errors.pydantic.dev/2.11/v/missing
2026-01-12 20:20:31,259 - app.core.database - ERROR - Erro ao listar eventos: 1 validation error for Page
pages
  Field required [type=missing, input_value={'items': [], 'total': 0, 'page': 1, 'size': 50}, input_type=dict]
    For further information visit https://errors.pydantic.dev/2.11/v/missing
2026-01-12 20:20:31,699 - app.services.evento_service - ERROR - Erro ao listar eventos: 1 validation error for Page
pages
  Field required [type=missing, input_value={'items': [], 'total': 0, 'page': 1, 'size': 50}, input_type=dict]
    For further information visit https://errors.pydantic.dev/2.11/v/missing
2026-01-12 20:20:31,699 - app.core.database - ERROR - Erro ao listar eventos: 1 validation error for Page
pages
  Field required [type=missing, input_value={'items': [], 'total': 0, 'page': 1, 'size': 50}, input_type=dict]
    For further information visit https://errors.pydantic.dev/2.11/v/missing
2026-01-12 20:20:32,423 - app.services.evento_service - ERROR - Erro ao listar eventos: 1 validation error for Page
pages
  Field required [type=missing, input_value={'items': [], 'total': 0, 'page': 1, 'size': 50}, input_type=dict]
    For further information visit https://errors.pydantic.dev/2.11/v/missing
2026-01-12 20:20:32,423 - app.core.database - ERROR - Erro ao listar eventos: 1 validation error for Page
pages
  Field required [type=missing, input_value={'items': [], 'total': 0, 'page': 1, 'size': 50}, input_type=dict]
    For further information visit https://errors.pydantic.dev/2.11/v/missing
2026-01-12 20:24:34,228 - app.core.database - INFO - Conectado ao banco de dados correpb
2026-01-12 20:24:58,494 - app.core.database - INFO - Conectado ao banco de dados correpb usando URI: MONGODB_URI
2026-01-12 20:27:32,336 - app.core.database - INFO - Conectado ao banco de dados correpb usando URI: MONGODB_URI
2026-01-12 20:33:52,840 - app.core.database - INFO - Conectado ao banco de dados corridas_db usando URI: MONGODB_URI
2026-01-12 20:35:07,116 - app.core.database - INFO - Conectado ao banco de dados corridas_db usando URI: MONGODB_URI
2026-01-12 20:35:55,891 - app.core.database - INFO - Conectado ao banco de dados corridas_db usando URI: MONGODB_URI
2026-01-12 20:36:12,678 - app.core.database - INFO - Conectado ao banco de dados corridas_db usando URI: MONGODB_URI
2026-01-16 11:51:53,394 - app.core.database - INFO - Conectado ao banco de dados correpb usando URI: MONGODB_URI
2026-01-16 11:51:53,497 - app.services.evento_service - ERROR - Erro ao listar eventos: 1 validation error for Page
pages
  Field required [type=missing, input_value={'items': [EventoResponse..., 'page': 1, 'size': 12}, input_type=dict]
    For further information visit https://errors.pydantic.dev/2.11/v/missing
2026-01-16 11:51:53,498 - app.core.database - ERROR - Erro ao listar eventos: 1 validation error for Page
pages
  Field required [type=missing, input_value={'items': [EventoResponse..., 'page': 1, 'size': 12}, input_type=dict]
    For further information visit https://errors.pydantic.dev/2.11/v/missing
2026-01-16 12:09:56,024 - app.services.evento_service - ERROR - Erro ao listar eventos: 1 validation error for Page
pages
  Field required [type=missing, input_value={'items': [EventoResponse..., 'page': 1, 'size': 50}, input_type=dict]
    For further information visit https://errors.pydantic.dev/2.11/v/missing
2026-01-16 12:09:56,026 - app.core.database - ERROR - Erro ao listar eventos: 1 validation error for Page
pages
  Field required [type=missing, input_value={'items': [EventoResponse..., 'page': 1, 'size': 50}, input_type=dict]
    For further information visit https://errors.pydantic.dev/2.11/v/missing
2026-01-16 12:47:29,647 - app.core.database - INFO - Conectado ao banco de dados correpb usando URI: MONGODB_URI
2026-01-16 12:52:17,710 - app.core.database - INFO - Conectado ao banco de dados correpb usando URI: MONGODB_URI
2026-01-16 12:52:38,470 - app.core.database - INFO - Conectado ao banco de dados correpb usando URI: MONGODB_URI
2026-01-16 13:15:04,266 - app.core.database - INFO - Conectado ao banco de dados correpb usando URI: MONGODB_URI
2026-01-16 13:18:26,955 - app.core.database - INFO - Conectado ao banco de dados correpb usando URI: MONGODB_URI
